android/app/build/intermediates/manifest_merge_blame_file/debug/manifest-merger-blame-debug-report.txt
1<?xml version="1.0" encoding="utf-8"?>
2<manifest xmlns:android="http://schemas.android.com/apk/res/android"
3    package="com.rnface"
4    android:versionCode="1"
5    android:versionName="1.0" >
6
7    <uses-sdk
8        android:minSdkVersion="21"
9        android:targetSdkVersion="33" />
10
11    <uses-permission android:name="android.permission.SYSTEM_ALERT_WINDOW" />
11-->src/debug/AndroidManifest.xml:5:5-77
11-->src/debug/AndroidManifest.xml:5:22-75
12    <uses-permission android:name="android.permission.INTERNET" />
12-->src/main/AndroidManifest.xml:3:5-67
12-->src/main/AndroidManifest.xml:3:22-64
13    <uses-permission android:name="android.permission.CAMERA" />
13-->src/main/AndroidManifest.xml:4:5-65
13-->src/main/AndroidManifest.xml:4:22-62
14    <uses-permission android:name="android.permission.RECORD_AUDIO" />
14-->src/main/AndroidManifest.xml:5:5-71
14-->src/main/AndroidManifest.xml:5:22-68
15    <uses-permission android:name="android.permission.ACCESS_WIFI_STATE" /> <!-- Although the *SdkVersion is captured in gradle build files, this is required for non gradle builds -->
15-->[com.facebook.flipper:flipper:0.182.0] AndroidManifest.xml:16:5-76
15-->[com.facebook.flipper:flipper:0.182.0] AndroidManifest.xml:16:22-73
16    <!-- <uses-sdk android:minSdkVersion="14"/> -->
17    <uses-permission android:name="android.permission.ACCESS_NETWORK_STATE" />
17-->[com.google.android.datatransport:transport-backend-cct:2.3.3] AndroidManifest.xml:25:5-79
17-->[com.google.android.datatransport:transport-backend-cct:2.3.3] AndroidManifest.xml:25:22-76
18
19    <application
19-->src/main/AndroidManifest.xml:7:5-26:19
20        android:name="com.rnface.MainApplication"
20-->src/main/AndroidManifest.xml:8:7-38
21        android:allowBackup="false"
21-->src/main/AndroidManifest.xml:12:7-34
22        android:appComponentFactory="androidx.core.app.CoreComponentFactory"
22-->[androidx.core:core:1.7.0] AndroidManifest.xml:24:18-86
23        android:debuggable="true"
24        android:icon="@mipmap/ic_launcher"
24-->src/main/AndroidManifest.xml:10:7-41
25        android:label="@string/app_name"
25-->src/main/AndroidManifest.xml:9:7-39
26        android:roundIcon="@mipmap/ic_launcher_round"
26-->src/main/AndroidManifest.xml:11:7-52
27        android:theme="@style/AppTheme"
27-->src/main/AndroidManifest.xml:13:7-38
28        android:usesCleartextTraffic="true" >
28-->src/debug/AndroidManifest.xml:8:9-44
29        <activity
29-->src/debug/AndroidManifest.xml:11:9-111
30            android:name="com.facebook.react.devsupport.DevSettingsActivity"
30-->src/debug/AndroidManifest.xml:11:19-83
31            android:exported="false" />
31-->src/debug/AndroidManifest.xml:11:84-108
32        <activity
32-->src/main/AndroidManifest.xml:14:7-25:18
33            android:name="com.rnface.MainActivity"
33-->src/main/AndroidManifest.xml:15:9-37
34            android:configChanges="keyboard|keyboardHidden|orientation|screenLayout|screenSize|smallestScreenSize|uiMode"
34-->src/main/AndroidManifest.xml:17:9-118
35            android:exported="true"
35-->src/main/AndroidManifest.xml:20:9-32
36            android:label="@string/app_name"
36-->src/main/AndroidManifest.xml:16:9-41
37            android:launchMode="singleTask"
37-->src/main/AndroidManifest.xml:18:9-40
38            android:windowSoftInputMode="adjustResize" >
38-->src/main/AndroidManifest.xml:19:9-51
39            <intent-filter>
39-->src/main/AndroidManifest.xml:21:9-24:25
40                <action android:name="android.intent.action.MAIN" />
40-->src/main/AndroidManifest.xml:22:13-65
40-->src/main/AndroidManifest.xml:22:21-62
41
42                <category android:name="android.intent.category.LAUNCHER" />
42-->src/main/AndroidManifest.xml:23:13-73
42-->src/main/AndroidManifest.xml:23:23-70
43            </intent-filter>
44        </activity>
45
46        <meta-data
46-->[com.facebook.soloader:soloader:0.10.5] AndroidManifest.xml:12:9-14:37
47            android:name="com.facebook.soloader.enabled"
47-->[com.facebook.soloader:soloader:0.10.5] AndroidManifest.xml:13:13-57
48            android:value="false" />
48-->[com.facebook.soloader:soloader:0.10.5] AndroidManifest.xml:14:13-34
49
50        <service
50-->[com.google.android.gms:play-services-mlkit-barcode-scanning:18.3.0] AndroidManifest.xml:9:9-15:19
51            android:name="com.google.mlkit.common.internal.MlKitComponentDiscoveryService"
51-->[com.google.android.gms:play-services-mlkit-barcode-scanning:18.3.0] AndroidManifest.xml:10:13-91
52            android:directBootAware="true"
52-->[com.google.mlkit:common:18.9.0] AndroidManifest.xml:17:13-43
53            android:exported="false" >
53-->[com.google.android.gms:play-services-mlkit-barcode-scanning:18.3.0] AndroidManifest.xml:11:13-37
54            <meta-data
54-->[com.google.android.gms:play-services-mlkit-barcode-scanning:18.3.0] AndroidManifest.xml:12:13-14:85
55                android:name="com.google.firebase.components:com.google.mlkit.vision.barcode.internal.BarcodeRegistrar"
55-->[com.google.android.gms:play-services-mlkit-barcode-scanning:18.3.0] AndroidManifest.xml:13:17-120
56                android:value="com.google.firebase.components.ComponentRegistrar" />
56-->[com.google.android.gms:play-services-mlkit-barcode-scanning:18.3.0] AndroidManifest.xml:14:17-82
57            <meta-data
57-->[com.google.mlkit:vision-common:17.3.0] AndroidManifest.xml:12:13-14:85
58                android:name="com.google.firebase.components:com.google.mlkit.vision.common.internal.VisionCommonRegistrar"
58-->[com.google.mlkit:vision-common:17.3.0] AndroidManifest.xml:13:17-124
59                android:value="com.google.firebase.components.ComponentRegistrar" />
59-->[com.google.mlkit:vision-common:17.3.0] AndroidManifest.xml:14:17-82
60            <meta-data
60-->[com.google.mlkit:common:18.9.0] AndroidManifest.xml:20:13-22:85
61                android:name="com.google.firebase.components:com.google.mlkit.common.internal.CommonComponentRegistrar"
61-->[com.google.mlkit:common:18.9.0] AndroidManifest.xml:21:17-120
62                android:value="com.google.firebase.components.ComponentRegistrar" />
62-->[com.google.mlkit:common:18.9.0] AndroidManifest.xml:22:17-82
63        </service>
64
65        <provider
65-->[com.google.mlkit:common:18.9.0] AndroidManifest.xml:9:9-13:38
66            android:name="com.google.mlkit.common.internal.MlKitInitProvider"
66-->[com.google.mlkit:common:18.9.0] AndroidManifest.xml:10:13-78
67            android:authorities="com.rnface.mlkitinitprovider"
67-->[com.google.mlkit:common:18.9.0] AndroidManifest.xml:11:13-69
68            android:exported="false"
68-->[com.google.mlkit:common:18.9.0] AndroidManifest.xml:12:13-37
69            android:initOrder="99" />
69-->[com.google.mlkit:common:18.9.0] AndroidManifest.xml:13:13-35
70
71        <activity
71-->[com.google.android.gms:play-services-base:18.1.0] AndroidManifest.xml:20:9-22:45
72            android:name="com.google.android.gms.common.api.GoogleApiActivity"
72-->[com.google.android.gms:play-services-base:18.1.0] AndroidManifest.xml:20:19-85
73            android:exported="false"
73-->[com.google.android.gms:play-services-base:18.1.0] AndroidManifest.xml:22:19-43
74            android:theme="@android:style/Theme.Translucent.NoTitleBar" />
74-->[com.google.android.gms:play-services-base:18.1.0] AndroidManifest.xml:21:19-78
75
76        <meta-data
76-->[com.google.android.gms:play-services-basement:18.1.0] AndroidManifest.xml:21:9-23:69
77            android:name="com.google.android.gms.version"
77-->[com.google.android.gms:play-services-basement:18.1.0] AndroidManifest.xml:22:13-58
78            android:value="@integer/google_play_services_version" />
78-->[com.google.android.gms:play-services-basement:18.1.0] AndroidManifest.xml:23:13-66
79
80        <provider
80-->[androidx.emoji2:emoji2:1.0.0] AndroidManifest.xml:26:9-34:20
81            android:name="androidx.startup.InitializationProvider"
81-->[androidx.emoji2:emoji2:1.0.0] AndroidManifest.xml:27:13-67
82            android:authorities="com.rnface.androidx-startup"
82-->[androidx.emoji2:emoji2:1.0.0] AndroidManifest.xml:28:13-68
83            android:exported="false" >
83-->[androidx.emoji2:emoji2:1.0.0] AndroidManifest.xml:29:13-37
84            <meta-data
84-->[androidx.emoji2:emoji2:1.0.0] AndroidManifest.xml:31:13-33:52
85                android:name="androidx.emoji2.text.EmojiCompatInitializer"
85-->[androidx.emoji2:emoji2:1.0.0] AndroidManifest.xml:32:17-75
86                android:value="androidx.startup" />
86-->[androidx.emoji2:emoji2:1.0.0] AndroidManifest.xml:33:17-49
87            <meta-data
87-->[androidx.lifecycle:lifecycle-process:2.4.0] AndroidManifest.xml:31:13-33:52
88                android:name="androidx.lifecycle.ProcessLifecycleInitializer"
88-->[androidx.lifecycle:lifecycle-process:2.4.0] AndroidManifest.xml:32:17-78
89                android:value="androidx.startup" />
89-->[androidx.lifecycle:lifecycle-process:2.4.0] AndroidManifest.xml:33:17-49
90        </provider>
91
92        <service
92-->[com.google.android.datatransport:transport-backend-cct:2.3.3] AndroidManifest.xml:29:9-35:19
93            android:name="com.google.android.datatransport.runtime.backends.TransportBackendDiscovery"
93-->[com.google.android.datatransport:transport-backend-cct:2.3.3] AndroidManifest.xml:30:13-103
94            android:exported="false" >
94-->[com.google.android.datatransport:transport-backend-cct:2.3.3] AndroidManifest.xml:31:13-37
95            <meta-data
95-->[com.google.android.datatransport:transport-backend-cct:2.3.3] AndroidManifest.xml:32:13-34:39
96                android:name="backend:com.google.android.datatransport.cct.CctBackendFactory"
96-->[com.google.android.datatransport:transport-backend-cct:2.3.3] AndroidManifest.xml:33:17-94
97                android:value="cct" />
97-->[com.google.android.datatransport:transport-backend-cct:2.3.3] AndroidManifest.xml:34:17-36
98        </service>
99        <service
99-->[com.google.android.datatransport:transport-runtime:2.2.6] AndroidManifest.xml:26:9-30:19
100            android:name="com.google.android.datatransport.runtime.scheduling.jobscheduling.JobInfoSchedulerService"
100-->[com.google.android.datatransport:transport-runtime:2.2.6] AndroidManifest.xml:27:13-117
101            android:exported="false"
101-->[com.google.android.datatransport:transport-runtime:2.2.6] AndroidManifest.xml:28:13-37
102            android:permission="android.permission.BIND_JOB_SERVICE" >
102-->[com.google.android.datatransport:transport-runtime:2.2.6] AndroidManifest.xml:29:13-69
103        </service>
104
105        <receiver
105-->[com.google.android.datatransport:transport-runtime:2.2.6] AndroidManifest.xml:32:9-34:40
106            android:name="com.google.android.datatransport.runtime.scheduling.jobscheduling.AlarmManagerSchedulerBroadcastReceiver"
106-->[com.google.android.datatransport:transport-runtime:2.2.6] AndroidManifest.xml:33:13-132
107            android:exported="false" />
107-->[com.google.android.datatransport:transport-runtime:2.2.6] AndroidManifest.xml:34:13-37
108    </application>
109
110</manifest>